Arguments: 
  C:\Program Files\nodejs\node.exe C:\Program Files (x86)\Yarn\bin\yarn.js build

PATH: 
  C:\Program Files\Git\mingw64\bin;C:\Program Files\Git\usr\bin;C:\Users\RaseL\bin;C:\Windows\system32;C:\Windows;C:\Windows\System32\Wbem;C:\Windows\System32\WindowsPowerShell\v1.0;C:\Windows\System32\OpenSSH;C:\Program Files\Git\cmd;C:\Program Files (x86)\Yarn\bin;C:\Program Files\Microsoft VS Code\bin;C:\Program Files\Go\bin;C:\Program Files\nodejs;C:\Program Files\dotnet;C:\Users\RaseL\AppData\Local\Microsoft\WindowsApps;C:\Users\RaseL\AppData\Local\Yarn\bin;C:\Users\RaseL\AppData\Local\JetBrains\Toolbox\scripts;C:\Users\RaseL\go\bin;C:\Program Files\MongoDB\Server\5.0\bin;C:\Users\RaseL\AppData\Roaming\npm;C:\Users\RaseL\Desktop\batch-5\assainment-11\server\node_modules\.bin

Yarn version: 
  1.22.5

Node version: 
  16.13.0

Platform: 
  win32 x64

Trace: 
  Invariant Violation: Script must exist
      at invariant (C:\Program Files (x86)\Yarn\lib\cli.js:2314:15)
      at C:\Program Files (x86)\Yarn\lib\cli.js:61496:11
      at Generator.next (<anonymous>)
      at step (C:\Program Files (x86)\Yarn\lib\cli.js:310:30)
      at C:\Program Files (x86)\Yarn\lib\cli.js:328:14
      at new Promise (<anonymous>)
      at new F (C:\Program Files (x86)\Yarn\lib\cli.js:5301:28)
      at C:\Program Files (x86)\Yarn\lib\cli.js:307:12
      at realRunCommand (C:\Program Files (x86)\Yarn\lib\cli.js:61581:23)
      at action.action (C:\Program Files (x86)\Yarn\lib\cli.js:61642:16)

npm manifest: 
  {
    "name": "assinment-11-server",
    "version": "1.0.0",
    "description": "",
    "main": "index.js",
    "scripts": {
      "start": "node index.js",
      "build": "",
      "dev": "nodemon index.js"
    },
    "author": "rasel mahmud",
    "license": "ISC",
    "dependencies": {
      "cors": "^2.8.5",
      "dotenv": "^16.0.3",
      "express": "^4.18.2",
      "formidable": "^2.0.1",
      "imgbb-uploader": "^1.5.0",
      "jsonwebtoken": "^8.5.1",
      "mongodb": "^4.11.0"
    }
  }

yarn manifest: 
  No manifest

Lockfile: 
  No lockfile
